<?xml version="1.0" encoding="UTF-8"?>
<testng-results ignored="0" total="3" passed="3" failed="0" skipped="0">
  <reporter-output>
  </reporter-output>
  <suite started-at="2022-08-10T18:22:18 IST" name="Default suite" finished-at="2022-08-10T18:22:18 IST" duration-ms="45">
    <groups>
    </groups>
    <test started-at="2022-08-10T18:22:18 IST" name="Default test" finished-at="2022-08-10T18:22:18 IST" duration-ms="45">
      <class name="test1">
        <test-method signature="regular()[pri:0, instance:test1@524d6d96]" started-at="2022-08-10T18:22:18 IST" name="regular" finished-at="2022-08-10T18:22:18 IST" duration-ms="7" status="PASS">
          <reporter-output>
          </reporter-output>
        </test-method> <!-- regular -->
        <test-method signature="streamFilter()[pri:0, instance:test1@524d6d96]" started-at="2022-08-10T18:22:18 IST" name="streamFilter" finished-at="2022-08-10T18:22:18 IST" duration-ms="5" status="PASS">
          <reporter-output>
          </reporter-output>
        </test-method> <!-- streamFilter -->
        <test-method signature="streamMap()[pri:0, instance:test1@524d6d96]" started-at="2022-08-10T18:22:18 IST" name="streamMap" finished-at="2022-08-10T18:22:18 IST" duration-ms="1" status="PASS">
          <reporter-output>
          </reporter-output>
        </test-method> <!-- streamMap -->
      </class> <!-- test1 -->
    </test> <!-- Default test -->
  </suite> <!-- Default suite -->
</testng-results>
